timestamp: 2014-02-19T23:14:08.493132
CREATE TABLE auth_user(
    id INTEGER PRIMARY KEY AUTOINCREMENT,
    first_name CHAR(128),
    last_name CHAR(128),
    username CHAR(128) UNIQUE,
    email CHAR(128) UNIQUE,
    password CHAR(256),
    registration_key CHAR(128)
);
success!
timestamp: 2014-02-19T23:14:08.496814
CREATE TABLE auth_group(
    id INTEGER PRIMARY KEY AUTOINCREMENT,
    role CHAR(512),
    description TEXT
);
success!
timestamp: 2014-02-19T23:14:08.499685
CREATE TABLE auth_membership(
    id INTEGER PRIMARY KEY AUTOINCREMENT,
    user_id INTEGER REFERENCES auth_user (id) ON DELETE CASCADE,
    group_id INTEGER REFERENCES auth_group (id) ON DELETE CASCADE
);
success!
timestamp: 2014-02-19T23:14:08.502214
CREATE TABLE auth_permission(
    id INTEGER PRIMARY KEY AUTOINCREMENT,
    group_id INTEGER REFERENCES auth_group (id) ON DELETE CASCADE,
    name CHAR(512),
    table_name CHAR(512),
    record_id INTEGER
);
success!
timestamp: 2014-02-19T23:14:08.504650
CREATE TABLE auth_event(
    id INTEGER PRIMARY KEY AUTOINCREMENT,
    time_stamp TIMESTAMP,
    client_ip CHAR(512),
    user_id INTEGER REFERENCES auth_user (id) ON DELETE CASCADE,
    origin CHAR(512),
    description TEXT
);
success!
timestamp: 2014-02-19T23:14:08.507043
CREATE TABLE auth_cas(
    id INTEGER PRIMARY KEY AUTOINCREMENT,
    user_id INTEGER REFERENCES auth_user (id) ON DELETE CASCADE,
    created_on TIMESTAMP,
    service CHAR(512),
    ticket CHAR(512),
    renew CHAR(1)
);
success!
timestamp: 2014-02-19T23:14:08.510136
CREATE TABLE word_tbl(
    id INTEGER PRIMARY KEY AUTOINCREMENT,
    word TEXT,
    user_info INTEGER REFERENCES auth_user (id) ON DELETE CASCADE
);
success!
timestamp: 2014-02-19T23:14:08.512832
CREATE TABLE example_tbl(
    id INTEGER PRIMARY KEY AUTOINCREMENT,
    word_id INTEGER REFERENCES word_tbl (id) ON DELETE CASCADE,
    example TEXT
);
success!
